0 info it worked if it ends with ok
1 verbose cli [ '/usr/local/bin/node', '/usr/local/bin/npm', 'publish' ]
2 info using npm@2.5.1
3 info using node@v0.12.0
4 verbose publish [ '.' ]
5 silly cache add args [ '.', null ]
6 verbose cache add spec .
7 silly cache add parsed spec { raw: '.',
7 silly cache add   scope: null,
7 silly cache add   name: null,
7 silly cache add   rawSpec: '.',
7 silly cache add   spec: '/home/anirbanb2004/nodecode/custom_modules/Excel/excelExporter',
7 silly cache add   type: 'directory' }
8 verbose addLocalDirectory /home/anirbanb2004/.npm/excelexporter/1.0.0/package.tgz not in flight; packing
9 verbose tar pack [ '/home/anirbanb2004/.npm/excelexporter/1.0.0/package.tgz',
9 verbose tar pack   '/home/anirbanb2004/nodecode/custom_modules/Excel/excelExporter' ]
10 verbose tarball /home/anirbanb2004/.npm/excelexporter/1.0.0/package.tgz
11 verbose folder /home/anirbanb2004/nodecode/custom_modules/Excel/excelExporter
12 info prepublish excelexporter@1.0.0
13 verbose addLocalTarball adding from inside cache /home/anirbanb2004/.npm/excelexporter/1.0.0/package.tgz
14 silly cache afterAdd excelexporter@1.0.0
15 verbose afterAdd /home/anirbanb2004/.npm/excelexporter/1.0.0/package/package.json not in flight; writing
16 verbose afterAdd /home/anirbanb2004/.npm/excelexporter/1.0.0/package/package.json written
17 silly publish { name: 'excelexporter',
17 silly publish   version: '1.0.0',
17 silly publish   description: 'This node module will provide utility to developers to export contents as Excel from browser and user will be able to Save or open excel.',
17 silly publish   main: 'index.js',
17 silly publish   scripts: { test: 'echo "Error: no test specified" && exit 1' },
17 silly publish   repository:
17 silly publish    { type: 'git',
17 silly publish      url: 'https://github.com/anisoftcorporation/excelExporter.git' },
17 silly publish   keywords: [ 'nodejs', 'module', 'export', 'to', 'excel' ],
17 silly publish   author: { name: 'Anirban Bhattacharya' },
17 silly publish   license: 'ISC',
17 silly publish   bugs: { url: 'https://github.com/anisoftcorporation/excelExporter/issues' },
17 silly publish   homepage: 'https://github.com/anisoftcorporation/excelExporter',
17 silly publish   readme: '# excelExporter\nA node module to export content as Excel and let users download/open the excel file from within browser\n',
17 silly publish   readmeFilename: 'README.md',
17 silly publish   gitHead: 'abfcb6b28625d74431bcab108bec7088fa11fec5',
17 silly publish   _id: 'excelexporter@1.0.0',
17 silly publish   _shasum: '6fc63cb1c612e87198fda0ac54fba08d8563e9d8',
17 silly publish   _from: '.' }
18 silly mapToRegistry name excelexporter
19 silly mapToRegistry using default registry
20 silly mapToRegistry registry https://registry.npmjs.org/
21 silly mapToRegistry uri https://registry.npmjs.org/excelexporter
22 verbose publish registryBase https://registry.npmjs.org/
23 silly publish uploading /home/anirbanb2004/.npm/excelexporter/1.0.0/package.tgz
24 verbose request uri https://registry.npmjs.org/excelexporter
25 verbose request sending authorization for write operation
26 info attempt registry request try #1 at 2:27:06 AM
27 verbose request using bearer token for auth
28 verbose request id e196315e7f89c40f
29 http request PUT https://registry.npmjs.org/excelexporter
30 http 403 https://registry.npmjs.org/excelexporter
31 verbose headers { date: 'Sun, 12 Apr 2015 07:27:06 GMT',
31 verbose headers   server: 'Apache',
31 verbose headers   'content-type': 'application/json',
31 verbose headers   'cache-control': 'max-age=60',
31 verbose headers   'content-length': '95',
31 verbose headers   'accept-ranges': 'bytes',
31 verbose headers   via: '1.1 varnish',
31 verbose headers   'x-served-by': 'cache-ord1731-ORD',
31 verbose headers   'x-cache': 'MISS',
31 verbose headers   'x-cache-hits': '0',
31 verbose headers   'x-timer': 'S1428823626.200566,VS0,VE677',
31 verbose headers   'keep-alive': 'timeout=10, max=50',
31 verbose headers   connection: 'Keep-Alive' }
32 verbose request invalidating /home/anirbanb2004/.npm/registry.npmjs.org/excelexporter on PUT
33 error publish Failed PUT 403
34 verbose stack Error: "You cannot publish over the previously published version 1.0.0." : excelexporter
34 verbose stack     at CachingRegistryClient.<anonymous> (/usr/local/lib/node_modules/npm/node_modules/npm-registry-client/lib/request.js:254:14)
34 verbose stack     at Request._callback (/usr/local/lib/node_modules/npm/node_modules/npm-registry-client/lib/request.js:178:14)
34 verbose stack     at Request.self.callback (/usr/local/lib/node_modules/npm/node_modules/request/request.js:344:22)
34 verbose stack     at Request.emit (events.js:110:17)
34 verbose stack     at Request.<anonymous> (/usr/local/lib/node_modules/npm/node_modules/request/request.js:1239:14)
34 verbose stack     at Request.emit (events.js:129:20)
34 verbose stack     at IncomingMessage.<anonymous> (/usr/local/lib/node_modules/npm/node_modules/request/request.js:1187:12)
34 verbose stack     at IncomingMessage.emit (events.js:129:20)
34 verbose stack     at _stream_readable.js:908:16
34 verbose stack     at process._tickCallback (node.js:355:11)
35 verbose statusCode 403
36 verbose pkgid excelexporter
37 verbose cwd /home/anirbanb2004/nodecode/custom_modules/Excel/excelExporter
38 error Linux 3.13.0-49-generic
39 error argv "/usr/local/bin/node" "/usr/local/bin/npm" "publish"
40 error node v0.12.0
41 error npm  v2.5.1
42 error code E403
43 error "You cannot publish over the previously published version 1.0.0." : excelexporter
44 error If you need help, you may report this error at:
44 error     <http://github.com/npm/npm/issues>
45 verbose exit [ 1, true ]
